[22-Mar-2025 01:14:11 UTC] PHP Warning:  Cannot modify header information - headers already sent by (output started at /workspaces/UX221Lab-6/.wordpress/wp-content/themes/megan-blog-multipurpose/inc/class-quick-setup.php:66) in /workspaces/UX221Lab-6/.wordpress/wp-admin/includes/misc.php on line 1438
[22-Mar-2025 01:14:11 UTC] PHP Warning:  Cannot modify header information - headers already sent by (output started at /workspaces/UX221Lab-6/.wordpress/wp-content/themes/megan-blog-multipurpose/inc/class-quick-setup.php:66) in /workspaces/UX221Lab-6/.wordpress/wp-includes/functions.php on line 7137
[22-Mar-2025 01:14:11 UTC] PHP Warning:  Cannot modify header information - headers already sent by (output started at /workspaces/UX221Lab-6/.wordpress/wp-content/themes/megan-blog-multipurpose/inc/class-quick-setup.php:66) in /workspaces/UX221Lab-6/.wordpress/wp-admin/customize.php on line 130
[22-Mar-2025 01:14:19 UTC] PHP Warning:  Cannot modify header information - headers already sent by (output started at /workspaces/UX221Lab-6/.wordpress/wp-content/themes/megan-blog-multipurpose/inc/class-quick-setup.php:66) in /workspaces/UX221Lab-6/.wordpress/wp-admin/admin-ajax.php on line 27
[22-Mar-2025 01:14:19 UTC] PHP Warning:  Cannot modify header information - headers already sent by (output started at /workspaces/UX221Lab-6/.wordpress/wp-content/themes/megan-blog-multipurpose/inc/class-quick-setup.php:66) in /workspaces/UX221Lab-6/.wordpress/wp-admin/admin-ajax.php on line 28
[22-Mar-2025 01:14:19 UTC] PHP Warning:  Cannot modify header information - headers already sent by (output started at /workspaces/UX221Lab-6/.wordpress/wp-content/themes/megan-blog-multipurpose/inc/class-quick-setup.php:66) in /workspaces/UX221Lab-6/.wordpress/wp-includes/functions.php on line 7024
[22-Mar-2025 01:14:19 UTC] PHP Warning:  Cannot modify header information - headers already sent by (output started at /workspaces/UX221Lab-6/.wordpress/wp-content/themes/megan-blog-multipurpose/inc/class-quick-setup.php:66) in /workspaces/UX221Lab-6/.wordpress/wp-admin/includes/misc.php on line 1438
[22-Mar-2025 01:14:19 UTC] PHP Warning:  Cannot modify header information - headers already sent by (output started at /workspaces/UX221Lab-6/.wordpress/wp-content/themes/megan-blog-multipurpose/inc/class-quick-setup.php:66) in /workspaces/UX221Lab-6/.wordpress/wp-includes/functions.php on line 7137
[22-Mar-2025 01:14:22 UTC] PHP Warning:  Cannot modify header information - headers already sent by (output started at /workspaces/UX221Lab-6/.wordpress/wp-content/themes/megan-blog-multipurpose/inc/class-quick-setup.php:66) in /workspaces/UX221Lab-6/.wordpress/wp-admin/admin-ajax.php on line 27
[22-Mar-2025 01:14:22 UTC] PHP Warning:  Cannot modify header information - headers already sent by (output started at /workspaces/UX221Lab-6/.wordpress/wp-content/themes/megan-blog-multipurpose/inc/class-quick-setup.php:66) in /workspaces/UX221Lab-6/.wordpress/wp-admin/admin-ajax.php on line 28
[22-Mar-2025 01:14:22 UTC] PHP Warning:  Cannot modify header information - headers already sent by (output started at /workspaces/UX221Lab-6/.wordpress/wp-content/themes/megan-blog-multipurpose/inc/class-quick-setup.php:66) in /workspaces/UX221Lab-6/.wordpress/wp-includes/functions.php on line 7024
[22-Mar-2025 01:14:22 UTC] PHP Warning:  Cannot modify header information - headers already sent by (output started at /workspaces/UX221Lab-6/.wordpress/wp-content/themes/megan-blog-multipurpose/inc/class-quick-setup.php:66) in /workspaces/UX221Lab-6/.wordpress/wp-admin/includes/misc.php on line 1438
[22-Mar-2025 01:14:22 UTC] PHP Warning:  Cannot modify header information - headers already sent by (output started at /workspaces/UX221Lab-6/.wordpress/wp-content/themes/megan-blog-multipurpose/inc/class-quick-setup.php:66) in /workspaces/UX221Lab-6/.wordpress/wp-includes/functions.php on line 7137
[22-Mar-2025 01:14:24 UTC] PHP Warning:  Cannot modify header information - headers already sent by (output started at /workspaces/UX221Lab-6/.wordpress/wp-content/themes/megan-blog-multipurpose/inc/class-quick-setup.php:66) in /workspaces/UX221Lab-6/.wordpress/wp-admin/admin-ajax.php on line 27
[22-Mar-2025 01:14:24 UTC] PHP Warning:  Cannot modify header information - headers already sent by (output started at /workspaces/UX221Lab-6/.wordpress/wp-content/themes/megan-blog-multipurpose/inc/class-quick-setup.php:66) in /workspaces/UX221Lab-6/.wordpress/wp-admin/admin-ajax.php on line 28
[22-Mar-2025 01:14:24 UTC] PHP Warning:  Cannot modify header information - headers already sent by (output started at /workspaces/UX221Lab-6/.wordpress/wp-content/themes/megan-blog-multipurpose/inc/class-quick-setup.php:66) in /workspaces/UX221Lab-6/.wordpress/wp-includes/functions.php on line 7024
[22-Mar-2025 01:14:24 UTC] PHP Warning:  Cannot modify header information - headers already sent by (output started at /workspaces/UX221Lab-6/.wordpress/wp-content/themes/megan-blog-multipurpose/inc/class-quick-setup.php:66) in /workspaces/UX221Lab-6/.wordpress/wp-admin/includes/misc.php on line 1438
[22-Mar-2025 01:14:24 UTC] PHP Warning:  Cannot modify header information - headers already sent by (output started at /workspaces/UX221Lab-6/.wordpress/wp-content/themes/megan-blog-multipurpose/inc/class-quick-setup.php:66) in /workspaces/UX221Lab-6/.wordpress/wp-includes/functions.php on line 7137
[22-Mar-2025 01:14:25 UTC] PHP Warning:  Cannot modify header information - headers already sent by (output started at /workspaces/UX221Lab-6/.wordpress/wp-content/themes/megan-blog-multipurpose/inc/class-quick-setup.php:66) in /workspaces/UX221Lab-6/.wordpress/wp-admin/admin-ajax.php on line 27
[22-Mar-2025 01:14:25 UTC] PHP Warning:  Cannot modify header information - headers already sent by (output started at /workspaces/UX221Lab-6/.wordpress/wp-content/themes/megan-blog-multipurpose/inc/class-quick-setup.php:66) in /workspaces/UX221Lab-6/.wordpress/wp-admin/admin-ajax.php on line 28
[22-Mar-2025 01:14:25 UTC] PHP Warning:  Cannot modify header information - headers already sent by (output started at /workspaces/UX221Lab-6/.wordpress/wp-content/themes/megan-blog-multipurpose/inc/class-quick-setup.php:66) in /workspaces/UX221Lab-6/.wordpress/wp-includes/functions.php on line 7024
[22-Mar-2025 01:14:25 UTC] PHP Warning:  Cannot modify header information - headers already sent by (output started at /workspaces/UX221Lab-6/.wordpress/wp-content/themes/megan-blog-multipurpose/inc/class-quick-setup.php:66) in /workspaces/UX221Lab-6/.wordpress/wp-admin/includes/misc.php on line 1438
[22-Mar-2025 01:14:25 UTC] PHP Warning:  Cannot modify header information - headers already sent by (output started at /workspaces/UX221Lab-6/.wordpress/wp-content/themes/megan-blog-multipurpose/inc/class-quick-setup.php:66) in /workspaces/UX221Lab-6/.wordpress/wp-includes/functions.php on line 7137
[22-Mar-2025 01:14:31 UTC] PHP Warning:  Cannot modify header information - headers already sent by (output started at /workspaces/UX221Lab-6/.wordpress/wp-content/themes/megan-blog-multipurpose/inc/class-quick-setup.php:66) in /workspaces/UX221Lab-6/.wordpress/wp-admin/includes/misc.php on line 1438
[22-Mar-2025 01:14:31 UTC] PHP Warning:  Cannot modify header information - headers already sent by (output started at /workspaces/UX221Lab-6/.wordpress/wp-content/themes/megan-blog-multipurpose/inc/class-quick-setup.php:66) in /workspaces/UX221Lab-6/.wordpress/wp-includes/functions.php on line 7137
[22-Mar-2025 01:14:31 UTC] PHP Warning:  Cannot modify header information - headers already sent by (output started at /workspaces/UX221Lab-6/.wordpress/wp-content/themes/megan-blog-multipurpose/inc/class-quick-setup.php:66) in /workspaces/UX221Lab-6/.wordpress/wp-includes/pluggable.php on line 1435
[22-Mar-2025 01:14:31 UTC] PHP Warning:  Cannot modify header information - headers already sent by (output started at /workspaces/UX221Lab-6/.wordpress/wp-content/themes/megan-blog-multipurpose/inc/class-quick-setup.php:66) in /workspaces/UX221Lab-6/.wordpress/wp-includes/pluggable.php on line 1438
[22-Mar-2025 01:14:31 UTC] PHP Warning:  Cannot modify header information - headers already sent by (output started at /workspaces/UX221Lab-6/.wordpress/wp-content/themes/megan-blog-multipurpose/inc/class-quick-setup.php:66) in /workspaces/UX221Lab-6/.wordpress/wp-admin/admin-header.php on line 9
[22-Mar-2025 01:14:40 UTC] PHP Warning:  Cannot modify header information - headers already sent by (output started at /workspaces/UX221Lab-6/.wordpress/wp-content/themes/megan-blog-multipurpose/inc/class-quick-setup.php:66) in /workspaces/UX221Lab-6/.wordpress/wp-admin/includes/misc.php on line 1438
[22-Mar-2025 01:14:40 UTC] PHP Warning:  Cannot modify header information - headers already sent by (output started at /workspaces/UX221Lab-6/.wordpress/wp-content/themes/megan-blog-multipurpose/inc/class-quick-setup.php:66) in /workspaces/UX221Lab-6/.wordpress/wp-includes/functions.php on line 7137
[22-Mar-2025 01:14:40 UTC] PHP Warning:  Cannot modify header information - headers already sent by (output started at /workspaces/UX221Lab-6/.wordpress/wp-content/themes/megan-blog-multipurpose/inc/class-quick-setup.php:66) in /workspaces/UX221Lab-6/.wordpress/wp-admin/admin-header.php on line 9
[22-Mar-2025 01:14:45 UTC] PHP Warning:  Cannot modify header information - headers already sent by (output started at /workspaces/UX221Lab-6/.wordpress/wp-content/themes/megan-blog-multipurpose/inc/class-quick-setup.php:66) in /workspaces/UX221Lab-6/.wordpress/wp-admin/includes/misc.php on line 1438
[22-Mar-2025 01:14:45 UTC] PHP Warning:  Cannot modify header information - headers already sent by (output started at /workspaces/UX221Lab-6/.wordpress/wp-content/themes/megan-blog-multipurpose/inc/class-quick-setup.php:66) in /workspaces/UX221Lab-6/.wordpress/wp-includes/functions.php on line 7137
[22-Mar-2025 01:14:45 UTC] PHP Warning:  Cannot modify header information - headers already sent by (output started at /workspaces/UX221Lab-6/.wordpress/wp-content/themes/megan-blog-multipurpose/inc/class-quick-setup.php:66) in /workspaces/UX221Lab-6/.wordpress/wp-admin/admin-header.php on line 9
[22-Mar-2025 01:15:47 UTC] PHP Warning:  Cannot modify header information - headers already sent by (output started at /workspaces/UX221Lab-6/.wordpress/wp-content/themes/megan-blog-multipurpose/inc/class-quick-setup.php:66) in /workspaces/UX221Lab-6/.wordpress/wp-admin/admin-ajax.php on line 27
[22-Mar-2025 01:15:47 UTC] PHP Warning:  Cannot modify header information - headers already sent by (output started at /workspaces/UX221Lab-6/.wordpress/wp-content/themes/megan-blog-multipurpose/inc/class-quick-setup.php:66) in /workspaces/UX221Lab-6/.wordpress/wp-admin/admin-ajax.php on line 28
[22-Mar-2025 01:15:47 UTC] PHP Warning:  Cannot modify header information - headers already sent by (output started at /workspaces/UX221Lab-6/.wordpress/wp-content/themes/megan-blog-multipurpose/inc/class-quick-setup.php:66) in /workspaces/UX221Lab-6/.wordpress/wp-includes/functions.php on line 7024
[22-Mar-2025 01:15:47 UTC] PHP Warning:  Cannot modify header information - headers already sent by (output started at /workspaces/UX221Lab-6/.wordpress/wp-content/themes/megan-blog-multipurpose/inc/class-quick-setup.php:66) in /workspaces/UX221Lab-6/.wordpress/wp-admin/includes/misc.php on line 1438
[22-Mar-2025 01:15:47 UTC] PHP Warning:  Cannot modify header information - headers already sent by (output started at /workspaces/UX221Lab-6/.wordpress/wp-content/themes/megan-blog-multipurpose/inc/class-quick-setup.php:66) in /workspaces/UX221Lab-6/.wordpress/wp-includes/functions.php on line 7137
[22-Mar-2025 01:16:00 UTC] PHP Warning:  Cannot modify header information - headers already sent by (output started at /workspaces/UX221Lab-6/.wordpress/wp-content/themes/megan-blog-multipurpose/inc/class-quick-setup.php:66) in /workspaces/UX221Lab-6/.wordpress/wp-admin/includes/misc.php on line 1438
[22-Mar-2025 01:16:00 UTC] PHP Warning:  Cannot modify header information - headers already sent by (output started at /workspaces/UX221Lab-6/.wordpress/wp-content/themes/megan-blog-multipurpose/inc/class-quick-setup.php:66) in /workspaces/UX221Lab-6/.wordpress/wp-includes/functions.php on line 7137
[22-Mar-2025 01:16:00 UTC] PHP Warning:  Cannot modify header information - headers already sent by (output started at /workspaces/UX221Lab-6/.wordpress/wp-content/themes/megan-blog-multipurpose/inc/class-quick-setup.php:66) in /workspaces/UX221Lab-6/.wordpress/wp-admin/admin-header.php on line 9
[22-Mar-2025 01:16:00 UTC] PHP Warning:  Undefined variable $parent_theme_name in /workspaces/UX221Lab-6/.wordpress/wp-content/mu-plugins/one-click-child-theme/templates/create_child_form.php on line 18
[22-Mar-2025 01:16:06 UTC] PHP Warning:  Cannot modify header information - headers already sent by (output started at /workspaces/UX221Lab-6/.wordpress/wp-content/themes/megan-blog-multipurpose/inc/class-quick-setup.php:66) in /workspaces/UX221Lab-6/.wordpress/wp-admin/includes/misc.php on line 1438
[22-Mar-2025 01:16:06 UTC] PHP Warning:  Cannot modify header information - headers already sent by (output started at /workspaces/UX221Lab-6/.wordpress/wp-content/themes/megan-blog-multipurpose/inc/class-quick-setup.php:66) in /workspaces/UX221Lab-6/.wordpress/wp-includes/functions.php on line 7137
[22-Mar-2025 01:16:06 UTC] PHP Warning:  Cannot modify header information - headers already sent by (output started at /workspaces/UX221Lab-6/.wordpress/wp-content/themes/megan-blog-multipurpose/inc/class-quick-setup.php:66) in /workspaces/UX221Lab-6/.wordpress/wp-admin/admin-header.php on line 9
[22-Mar-2025 01:16:28 UTC] PHP Warning:  Cannot modify header information - headers already sent by (output started at /workspaces/UX221Lab-6/.wordpress/wp-content/themes/megan-blog-multipurpose/inc/class-quick-setup.php:66) in /workspaces/UX221Lab-6/.wordpress/wp-admin/includes/misc.php on line 1438
[22-Mar-2025 01:16:28 UTC] PHP Warning:  Cannot modify header information - headers already sent by (output started at /workspaces/UX221Lab-6/.wordpress/wp-content/themes/megan-blog-multipurpose/inc/class-quick-setup.php:66) in /workspaces/UX221Lab-6/.wordpress/wp-includes/functions.php on line 7137
[22-Mar-2025 01:16:28 UTC] PHP Warning:  Cannot modify header information - headers already sent by (output started at /workspaces/UX221Lab-6/.wordpress/wp-content/themes/megan-blog-multipurpose/inc/class-quick-setup.php:66) in /workspaces/UX221Lab-6/.wordpress/wp-admin/admin-header.php on line 9
[22-Mar-2025 01:16:29 UTC] PHP Warning:  Cannot modify header information - headers already sent by (output started at /workspaces/UX221Lab-6/.wordpress/wp-content/themes/megan-blog-multipurpose/inc/class-quick-setup.php:66) in /workspaces/UX221Lab-6/.wordpress/wp-admin/admin-ajax.php on line 27
[22-Mar-2025 01:16:29 UTC] PHP Warning:  Cannot modify header information - headers already sent by (output started at /workspaces/UX221Lab-6/.wordpress/wp-content/themes/megan-blog-multipurpose/inc/class-quick-setup.php:66) in /workspaces/UX221Lab-6/.wordpress/wp-admin/admin-ajax.php on line 28
[22-Mar-2025 01:16:29 UTC] PHP Warning:  Cannot modify header information - headers already sent by (output started at /workspaces/UX221Lab-6/.wordpress/wp-content/themes/megan-blog-multipurpose/inc/class-quick-setup.php:66) in /workspaces/UX221Lab-6/.wordpress/wp-includes/functions.php on line 7024
[22-Mar-2025 01:16:29 UTC] PHP Warning:  Cannot modify header information - headers already sent by (output started at /workspaces/UX221Lab-6/.wordpress/wp-content/themes/megan-blog-multipurpose/inc/class-quick-setup.php:66) in /workspaces/UX221Lab-6/.wordpress/wp-admin/includes/misc.php on line 1438
[22-Mar-2025 01:16:29 UTC] PHP Warning:  Cannot modify header information - headers already sent by (output started at /workspaces/UX221Lab-6/.wordpress/wp-content/themes/megan-blog-multipurpose/inc/class-quick-setup.php:66) in /workspaces/UX221Lab-6/.wordpress/wp-includes/functions.php on line 7137
[22-Mar-2025 01:16:32 UTC] PHP Warning:  Cannot modify header information - headers already sent by (output started at /workspaces/UX221Lab-6/.wordpress/wp-content/themes/megan-blog-multipurpose/inc/class-quick-setup.php:66) in /workspaces/UX221Lab-6/.wordpress/wp-admin/admin-ajax.php on line 27
[22-Mar-2025 01:16:32 UTC] PHP Warning:  Cannot modify header information - headers already sent by (output started at /workspaces/UX221Lab-6/.wordpress/wp-content/themes/megan-blog-multipurpose/inc/class-quick-setup.php:66) in /workspaces/UX221Lab-6/.wordpress/wp-admin/admin-ajax.php on line 28
[22-Mar-2025 01:16:32 UTC] PHP Warning:  Cannot modify header information - headers already sent by (output started at /workspaces/UX221Lab-6/.wordpress/wp-content/themes/megan-blog-multipurpose/inc/class-quick-setup.php:66) in /workspaces/UX221Lab-6/.wordpress/wp-includes/functions.php on line 7024
[22-Mar-2025 01:16:32 UTC] PHP Warning:  Cannot modify header information - headers already sent by (output started at /workspaces/UX221Lab-6/.wordpress/wp-content/themes/megan-blog-multipurpose/inc/class-quick-setup.php:66) in /workspaces/UX221Lab-6/.wordpress/wp-admin/includes/misc.php on line 1438
[22-Mar-2025 01:16:32 UTC] PHP Warning:  Cannot modify header information - headers already sent by (output started at /workspaces/UX221Lab-6/.wordpress/wp-content/themes/megan-blog-multipurpose/inc/class-quick-setup.php:66) in /workspaces/UX221Lab-6/.wordpress/wp-includes/functions.php on line 7137
[22-Mar-2025 01:16:38 UTC] PHP Warning:  Cannot modify header information - headers already sent by (output started at /workspaces/UX221Lab-6/.wordpress/wp-content/themes/megan-blog-multipurpose/inc/class-quick-setup.php:66) in /workspaces/UX221Lab-6/.wordpress/wp-admin/includes/misc.php on line 1438
[22-Mar-2025 01:16:38 UTC] PHP Warning:  Cannot modify header information - headers already sent by (output started at /workspaces/UX221Lab-6/.wordpress/wp-content/themes/megan-blog-multipurpose/inc/class-quick-setup.php:66) in /workspaces/UX221Lab-6/.wordpress/wp-includes/functions.php on line 7137
[22-Mar-2025 01:16:38 UTC] PHP Warning:  Cannot modify header information - headers already sent by (output started at /workspaces/UX221Lab-6/.wordpress/wp-content/themes/megan-blog-multipurpose/inc/class-quick-setup.php:66) in /workspaces/UX221Lab-6/.wordpress/wp-admin/admin-header.php on line 9
[22-Mar-2025 01:16:43 UTC] PHP Warning:  Cannot modify header information - headers already sent by (output started at /workspaces/UX221Lab-6/.wordpress/wp-content/themes/megan-blog-multipurpose/inc/class-quick-setup.php:66) in /workspaces/UX221Lab-6/.wordpress/wp-admin/includes/misc.php on line 1438
[22-Mar-2025 01:16:43 UTC] PHP Warning:  Cannot modify header information - headers already sent by (output started at /workspaces/UX221Lab-6/.wordpress/wp-content/themes/megan-blog-multipurpose/inc/class-quick-setup.php:66) in /workspaces/UX221Lab-6/.wordpress/wp-includes/functions.php on line 7137
[22-Mar-2025 01:16:43 UTC] PHP Warning:  Cannot modify header information - headers already sent by (output started at /workspaces/UX221Lab-6/.wordpress/wp-content/themes/megan-blog-multipurpose/inc/class-quick-setup.php:66) in /workspaces/UX221Lab-6/.wordpress/wp-includes/pluggable.php on line 1435
[22-Mar-2025 01:16:43 UTC] PHP Warning:  Cannot modify header information - headers already sent by (output started at /workspaces/UX221Lab-6/.wordpress/wp-content/themes/megan-blog-multipurpose/inc/class-quick-setup.php:66) in /workspaces/UX221Lab-6/.wordpress/wp-includes/pluggable.php on line 1438
[22-Mar-2025 01:17:43 UTC] PHP Warning:  Undefined variable $parent_theme_name in /workspaces/UX221Lab-6/.wordpress/wp-content/mu-plugins/one-click-child-theme/templates/create_child_form.php on line 18
[22-Mar-2025 01:20:49 UTC] PHP Warning:  Undefined property: WP_Ajax_Upgrader_Skin::$api in /workspaces/UX221Lab-6/.wordpress/wp-admin/includes/class-theme-upgrader.php on line 160
